<?xml version="1.0" encoding="UTF-8" ?>
<testsuite tests="7" failures="0" name="test1.Color1Test" time="0.032" errors="0" skipped="0">
  <properties>
[...]
</properties>
  <testcase classname="test1.Color1Test" name="testCheckNullError1" time="0.007"/>
  <testcase classname="test1.Color1Test" name="testCheckNullError2" time="0.011"/>
  <testcase classname="test1.Color1Test" name="testCheckNullError3" time="0.013"/>
  <testcase classname="test1.Color1Test" name="testCheckNullError4" time="0"/>
  <testcase classname="test1.Color1Test" name="testGetColor1" time="0.001"/>
  <testcase classname="test1.Color1Test" name="testGetColor2" time="0"/>
  <testcase classname="test1.Color1Test" name="testGetColor3" time="0"/>
</testsuite>